'2024-08-02 13:54:24,446' myLogger [INFO] src/online/TimerManager.cc start 37 timer起始时间: 15, 周期: 15
'2024-08-02 13:54:32,101' myLogger [INFO] src/online/DoubleCacheManager.cc initCache 36 >>> 从磁盘读取缓存数据.
'2024-08-02 13:54:32,101' myLogger [INFO] src/online/KeyRecommander.cc DoubleCache 77 >>> 命中LRU Cache, 返回结果为:["wh","th","oh","ho","hm","hi","ha","eh","ch","ah"]
'2024-08-02 13:54:34,324' myLogger [INFO] src/online/KeyRecommander.cc DoubleCache 83 >>> hh 未命中 LRU Cache.
'2024-08-02 13:54:34,823' myLogger [INFO] src/online/KeyRecommander.cc doQuery 145 ["wh","th","oh","ho","hm","hi","heh","ha","eh","ch"]
'2024-08-02 13:54:38,542' myLogger [INFO] src/online/KeyRecommander.cc DoubleCache 77 >>> 命中LRU Cache, 返回结果为:["wh","th","oh","ho","hm","hi","ha","eh","ch","ah"]
'2024-08-02 13:54:39,444' myLogger [INFO] src/online/DoubleCacheManager.cc periodicUpdateCaches 68 >>> 已合并，将缓存写入磁盘文件.
'2024-08-02 13:54:40,802' myLogger [INFO] src/online/KeyRecommander.cc DoubleCache 83 >>> hh 未命中 LRU Cache.
'2024-08-02 13:54:40,962' myLogger [INFO] src/online/KeyRecommander.cc doQuery 145 ["wh","th","oh","ho","hm","hi","heh","ha","eh","ch"]
'2024-08-02 13:54:41,383' myLogger [INFO] src/online/KeyRecommander.cc DoubleCache 83 >>> hhh 未命中 LRU Cache.
'2024-08-02 13:54:41,580' myLogger [INFO] src/online/KeyRecommander.cc doQuery 145 ["heh","wh","the","th","shy","shah","rah","pwh","ouh","ooh"]
'2024-08-02 13:54:41,710' myLogger [INFO] src/online/KeyRecommander.cc DoubleCache 83 >>> hhhh 未命中 LRU Cache.
'2024-08-02 13:54:41,948' myLogger [INFO] src/online/KeyRecommander.cc doQuery 145 ["shah","hush","hugh","hoch","heh","heah","zheg","yeah","with","wish"]
'2024-08-02 13:54:42,672' myLogger [INFO] src/online/KeyRecommander.cc DoubleCache 83 >>> hhhhh 未命中 LRU Cache.
'2024-08-02 13:54:42,936' myLogger [INFO] src/online/KeyRecommander.cc doQuery 145 ["thigh","theah","shah","hush","hugh","hough","hotch","hoch","heh","heath"]
'2024-08-02 13:54:43,201' myLogger [INFO] src/online/KeyRecommander.cc DoubleCache 83 >>> hhhhhh 未命中 LRU Cache.
'2024-08-02 13:54:43,511' myLogger [INFO] src/online/KeyRecommander.cc doQuery 145 ["ahahah","yahweh","thwash","thresh","thighs","thigh","theah","thatch","shiloh","sheath"]
'2024-08-02 13:54:43,546' myLogger [INFO] src/online/KeyRecommander.cc DoubleCache 83 >>> hhhhhhh 未命中 LRU Cache.
'2024-08-02 13:54:43,879' myLogger [INFO] src/online/KeyRecommander.cc doQuery 145 ["ahahah","yahweh","whitish","thwough","thwash","thresh","thought","thither","thighs","thigh"]
'2024-08-02 13:54:54,444' myLogger [INFO] src/online/DoubleCacheManager.cc periodicUpdateCaches 68 >>> 已合并，将缓存写入磁盘文件.
'2024-08-02 13:55:09,444' myLogger [INFO] src/online/DoubleCacheManager.cc periodicUpdateCaches 68 >>> 已合并，将缓存写入磁盘文件.
'2024-08-02 13:58:43,441' myLogger [INFO] src/online/TimerManager.cc start 37 timer起始时间: 15, 周期: 15
'2024-08-02 13:58:49,614' myLogger [INFO] src/online/KeyRecommander.cc TimerManagerCache 55 >>> 命中LRU Cache, 返回结果为:["wh","th","oh","ho","hm","hi","ha","eh","ch","ah"]
'2024-08-02 13:58:51,381' myLogger [INFO] src/online/KeyRecommander.cc TimerManagerCache 60 >>> hw 未命中 LRU Cache.
'2024-08-02 13:58:51,884' myLogger [INFO] src/online/KeyRecommander.cc doQuery 145 ["w","nw","ho","hm","hi","hew","ha","www","wo","wm"]
'2024-08-02 13:58:52,756' myLogger [INFO] src/online/KeyRecommander.cc TimerManagerCache 55 >>> 命中LRU Cache, 返回结果为:["wh","th","oh","ho","hm","hi","ha","eh","ch","ah"]
'2024-08-02 13:58:53,430' myLogger [INFO] src/online/KeyRecommander.cc TimerManagerCache 55 >>> 命中LRU Cache, 返回结果为:["wh","th","oh","ho","hm","hi","ha","eh","ch","ah"]
'2024-08-02 13:58:53,575' myLogger [INFO] src/online/KeyRecommander.cc TimerManagerCache 55 >>> 命中LRU Cache, 返回结果为:["the","se","pe","oe","ne","ke","je","hue","ho","hm"]
'2024-08-02 13:58:53,791' myLogger [INFO] src/online/KeyRecommander.cc TimerManagerCache 60 >>> hel 未命中 LRU Cache.
'2024-08-02 13:58:54,597' myLogger [INFO] src/online/KeyRecommander.cc doQuery 145 ["hey","hew","hen","hem","help","helm","hell","held","heh","heel"]
'2024-08-02 13:58:54,623' myLogger [INFO] src/online/KeyRecommander.cc TimerManagerCache 60 >>> hell 未命中 LRU Cache.
'2024-08-02 13:58:55,627' myLogger [INFO] src/online/KeyRecommander.cc doQuery 145 ["hell","yell","vell","tell","shell","sell","hull","hill","help","helm"]
'2024-08-02 13:58:55,653' myLogger [INFO] src/online/KeyRecommander.cc TimerManagerCache 60 >>> hello 未命中 LRU Cache.
'2024-08-02 13:58:57,049' myLogger [INFO] src/online/KeyRecommander.cc doQuery 145 ["hello","hullo","hell","hallo","yells","yellow","yell","wells","vell","telly"]
'2024-08-02 13:58:58,441' myLogger [INFO] src/online/CacheManager.cc periodicUpdateCaches 53 ---已上锁，准备合并缓存---
'2024-08-02 13:58:58,441' myLogger [INFO] src/online/CacheManager.cc periodicUpdateCaches 67 ---缓存合并完毕，已解锁---
'2024-08-02 13:58:58,441' myLogger [INFO] src/online/CacheManager.cc periodicUpdateCaches 77 ---已上锁，准备同步缓存---
'2024-08-02 13:58:58,441' myLogger [INFO] src/online/CacheManager.cc periodicUpdateCaches 82 ---缓存同步完毕，已解锁---
'2024-08-02 13:59:13,441' myLogger [INFO] src/online/CacheManager.cc periodicUpdateCaches 53 ---已上锁，准备合并缓存---
'2024-08-02 13:59:13,441' myLogger [INFO] src/online/CacheManager.cc periodicUpdateCaches 67 ---缓存合并完毕，已解锁---
'2024-08-02 13:59:13,441' myLogger [INFO] src/online/CacheManager.cc periodicUpdateCaches 77 ---已上锁，准备同步缓存---
'2024-08-02 13:59:13,441' myLogger [INFO] src/online/CacheManager.cc periodicUpdateCaches 82 ---缓存同步完毕，已解锁---
'2024-08-02 13:59:28,441' myLogger [INFO] src/online/CacheManager.cc periodicUpdateCaches 53 ---已上锁，准备合并缓存---
'2024-08-02 13:59:28,441' myLogger [INFO] src/online/CacheManager.cc periodicUpdateCaches 67 ---缓存合并完毕，已解锁---
'2024-08-02 13:59:28,441' myLogger [INFO] src/online/CacheManager.cc periodicUpdateCaches 77 ---已上锁，准备同步缓存---
'2024-08-02 13:59:28,441' myLogger [INFO] src/online/CacheManager.cc periodicUpdateCaches 82 ---缓存同步完毕，已解锁---
'2024-08-02 13:59:43,441' myLogger [INFO] src/online/CacheManager.cc periodicUpdateCaches 53 ---已上锁，准备合并缓存---
'2024-08-02 13:59:43,441' myLogger [INFO] src/online/CacheManager.cc periodicUpdateCaches 67 ---缓存合并完毕，已解锁---
'2024-08-02 13:59:43,441' myLogger [INFO] src/online/CacheManager.cc periodicUpdateCaches 77 ---已上锁，准备同步缓存---
'2024-08-02 13:59:43,441' myLogger [INFO] src/online/CacheManager.cc periodicUpdateCaches 82 ---缓存同步完毕，已解锁---
'2024-08-02 13:59:58,441' myLogger [INFO] src/online/CacheManager.cc periodicUpdateCaches 53 ---已上锁，准备合并缓存---
'2024-08-02 13:59:58,441' myLogger [INFO] src/online/CacheManager.cc periodicUpdateCaches 67 ---缓存合并完毕，已解锁---
'2024-08-02 13:59:58,441' myLogger [INFO] src/online/CacheManager.cc periodicUpdateCaches 77 ---已上锁，准备同步缓存---
'2024-08-02 13:59:58,441' myLogger [INFO] src/online/CacheManager.cc periodicUpdateCaches 82 ---缓存同步完毕，已解锁---
'2024-08-02 14:00:13,441' myLogger [INFO] src/online/CacheManager.cc periodicUpdateCaches 53 ---已上锁，准备合并缓存---
'2024-08-02 14:00:13,441' myLogger [INFO] src/online/CacheManager.cc periodicUpdateCaches 67 ---缓存合并完毕，已解锁---
'2024-08-02 14:00:13,441' myLogger [INFO] src/online/CacheManager.cc periodicUpdateCaches 77 ---已上锁，准备同步缓存---
'2024-08-02 14:00:13,441' myLogger [INFO] src/online/CacheManager.cc periodicUpdateCaches 82 ---缓存同步完毕，已解锁---
'2024-08-02 14:00:28,441' myLogger [INFO] src/online/CacheManager.cc periodicUpdateCaches 53 ---已上锁，准备合并缓存---
'2024-08-02 14:00:28,441' myLogger [INFO] src/online/CacheManager.cc periodicUpdateCaches 67 ---缓存合并完毕，已解锁---
'2024-08-02 14:00:28,441' myLogger [INFO] src/online/CacheManager.cc periodicUpdateCaches 77 ---已上锁，准备同步缓存---
'2024-08-02 14:00:28,441' myLogger [INFO] src/online/CacheManager.cc periodicUpdateCaches 82 ---缓存同步完毕，已解锁---
'2024-08-02 14:00:43,441' myLogger [INFO] src/online/CacheManager.cc periodicUpdateCaches 53 ---已上锁，准备合并缓存---
'2024-08-02 14:00:43,441' myLogger [INFO] src/online/CacheManager.cc periodicUpdateCaches 67 ---缓存合并完毕，已解锁---
'2024-08-02 14:00:43,441' myLogger [INFO] src/online/CacheManager.cc periodicUpdateCaches 77 ---已上锁，准备同步缓存---
'2024-08-02 14:00:43,441' myLogger [INFO] src/online/CacheManager.cc periodicUpdateCaches 82 ---缓存同步完毕，已解锁---
'2024-08-02 14:00:58,441' myLogger [INFO] src/online/CacheManager.cc periodicUpdateCaches 53 ---已上锁，准备合并缓存---
'2024-08-02 14:00:58,441' myLogger [INFO] src/online/CacheManager.cc periodicUpdateCaches 67 ---缓存合并完毕，已解锁---
'2024-08-02 14:00:58,441' myLogger [INFO] src/online/CacheManager.cc periodicUpdateCaches 77 ---已上锁，准备同步缓存---
'2024-08-02 14:00:58,441' myLogger [INFO] src/online/CacheManager.cc periodicUpdateCaches 82 ---缓存同步完毕，已解锁---
'2024-08-02 14:01:13,441' myLogger [INFO] src/online/CacheManager.cc periodicUpdateCaches 53 ---已上锁，准备合并缓存---
'2024-08-02 14:01:13,441' myLogger [INFO] src/online/CacheManager.cc periodicUpdateCaches 67 ---缓存合并完毕，已解锁---
'2024-08-02 14:01:13,441' myLogger [INFO] src/online/CacheManager.cc periodicUpdateCaches 77 ---已上锁，准备同步缓存---
'2024-08-02 14:01:13,441' myLogger [INFO] src/online/CacheManager.cc periodicUpdateCaches 82 ---缓存同步完毕，已解锁---
'2024-08-02 14:01:28,440' myLogger [INFO] src/online/CacheManager.cc periodicUpdateCaches 53 ---已上锁，准备合并缓存---
'2024-08-02 14:01:28,441' myLogger [INFO] src/online/CacheManager.cc periodicUpdateCaches 67 ---缓存合并完毕，已解锁---
'2024-08-02 14:01:28,441' myLogger [INFO] src/online/CacheManager.cc periodicUpdateCaches 77 ---已上锁，准备同步缓存---
'2024-08-02 14:01:28,441' myLogger [INFO] src/online/CacheManager.cc periodicUpdateCaches 82 ---缓存同步完毕，已解锁---
'2024-08-02 14:01:43,441' myLogger [INFO] src/online/CacheManager.cc periodicUpdateCaches 53 ---已上锁，准备合并缓存---
'2024-08-02 14:01:43,441' myLogger [INFO] src/online/CacheManager.cc periodicUpdateCaches 67 ---缓存合并完毕，已解锁---
'2024-08-02 14:01:43,441' myLogger [INFO] src/online/CacheManager.cc periodicUpdateCaches 77 ---已上锁，准备同步缓存---
'2024-08-02 14:01:43,441' myLogger [INFO] src/online/CacheManager.cc periodicUpdateCaches 82 ---缓存同步完毕，已解锁---
'2024-08-02 14:01:58,440' myLogger [INFO] src/online/CacheManager.cc periodicUpdateCaches 53 ---已上锁，准备合并缓存---
'2024-08-02 14:01:58,441' myLogger [INFO] src/online/CacheManager.cc periodicUpdateCaches 67 ---缓存合并完毕，已解锁---
'2024-08-02 14:01:58,441' myLogger [INFO] src/online/CacheManager.cc periodicUpdateCaches 77 ---已上锁，准备同步缓存---
'2024-08-02 14:01:58,441' myLogger [INFO] src/online/CacheManager.cc periodicUpdateCaches 82 ---缓存同步完毕，已解锁---
'2024-08-02 14:02:13,441' myLogger [INFO] src/online/CacheManager.cc periodicUpdateCaches 53 ---已上锁，准备合并缓存---
'2024-08-02 14:02:13,441' myLogger [INFO] src/online/CacheManager.cc periodicUpdateCaches 67 ---缓存合并完毕，已解锁---
'2024-08-02 14:02:13,441' myLogger [INFO] src/online/CacheManager.cc periodicUpdateCaches 77 ---已上锁，准备同步缓存---
'2024-08-02 14:02:13,441' myLogger [INFO] src/online/CacheManager.cc periodicUpdateCaches 82 ---缓存同步完毕，已解锁---
'2024-08-02 14:02:28,441' myLogger [INFO] src/online/CacheManager.cc periodicUpdateCaches 53 ---已上锁，准备合并缓存---
'2024-08-02 14:02:28,441' myLogger [INFO] src/online/CacheManager.cc periodicUpdateCaches 67 ---缓存合并完毕，已解锁---
'2024-08-02 14:02:28,441' myLogger [INFO] src/online/CacheManager.cc periodicUpdateCaches 77 ---已上锁，准备同步缓存---
'2024-08-02 14:02:28,441' myLogger [INFO] src/online/CacheManager.cc periodicUpdateCaches 82 ---缓存同步完毕，已解锁---
'2024-08-02 14:02:43,440' myLogger [INFO] src/online/CacheManager.cc periodicUpdateCaches 53 ---已上锁，准备合并缓存---
'2024-08-02 14:02:43,441' myLogger [INFO] src/online/CacheManager.cc periodicUpdateCaches 67 ---缓存合并完毕，已解锁---
'2024-08-02 14:02:43,441' myLogger [INFO] src/online/CacheManager.cc periodicUpdateCaches 77 ---已上锁，准备同步缓存---
'2024-08-02 14:02:43,441' myLogger [INFO] src/online/CacheManager.cc periodicUpdateCaches 82 ---缓存同步完毕，已解锁---
'2024-08-02 14:02:58,441' myLogger [INFO] src/online/CacheManager.cc periodicUpdateCaches 53 ---已上锁，准备合并缓存---
'2024-08-02 14:02:58,441' myLogger [INFO] src/online/CacheManager.cc periodicUpdateCaches 67 ---缓存合并完毕，已解锁---
'2024-08-02 14:02:58,441' myLogger [INFO] src/online/CacheManager.cc periodicUpdateCaches 77 ---已上锁，准备同步缓存---
'2024-08-02 14:02:58,441' myLogger [INFO] src/online/CacheManager.cc periodicUpdateCaches 82 ---缓存同步完毕，已解锁---
'2024-08-02 14:03:13,441' myLogger [INFO] src/online/CacheManager.cc periodicUpdateCaches 53 ---已上锁，准备合并缓存---
'2024-08-02 14:03:13,441' myLogger [INFO] src/online/CacheManager.cc periodicUpdateCaches 67 ---缓存合并完毕，已解锁---
'2024-08-02 14:03:13,441' myLogger [INFO] src/online/CacheManager.cc periodicUpdateCaches 77 ---已上锁，准备同步缓存---
'2024-08-02 14:03:13,441' myLogger [INFO] src/online/CacheManager.cc periodicUpdateCaches 82 ---缓存同步完毕，已解锁---
'2024-08-02 14:03:28,441' myLogger [INFO] src/online/CacheManager.cc periodicUpdateCaches 53 ---已上锁，准备合并缓存---
'2024-08-02 14:03:28,441' myLogger [INFO] src/online/CacheManager.cc periodicUpdateCaches 67 ---缓存合并完毕，已解锁---
'2024-08-02 14:03:28,441' myLogger [INFO] src/online/CacheManager.cc periodicUpdateCaches 77 ---已上锁，准备同步缓存---
'2024-08-02 14:03:28,441' myLogger [INFO] src/online/CacheManager.cc periodicUpdateCaches 82 ---缓存同步完毕，已解锁---
'2024-08-02 14:03:43,441' myLogger [INFO] src/online/CacheManager.cc periodicUpdateCaches 53 ---已上锁，准备合并缓存---
'2024-08-02 14:03:43,441' myLogger [INFO] src/online/CacheManager.cc periodicUpdateCaches 67 ---缓存合并完毕，已解锁---
'2024-08-02 14:03:43,441' myLogger [INFO] src/online/CacheManager.cc periodicUpdateCaches 77 ---已上锁，准备同步缓存---
'2024-08-02 14:03:43,441' myLogger [INFO] src/online/CacheManager.cc periodicUpdateCaches 82 ---缓存同步完毕，已解锁---
'2024-08-02 14:03:58,441' myLogger [INFO] src/online/CacheManager.cc periodicUpdateCaches 53 ---已上锁，准备合并缓存---
'2024-08-02 14:03:58,441' myLogger [INFO] src/online/CacheManager.cc periodicUpdateCaches 67 ---缓存合并完毕，已解锁---
'2024-08-02 14:03:58,441' myLogger [INFO] src/online/CacheManager.cc periodicUpdateCaches 77 ---已上锁，准备同步缓存---
'2024-08-02 14:03:58,441' myLogger [INFO] src/online/CacheManager.cc periodicUpdateCaches 82 ---缓存同步完毕，已解锁---
'2024-08-02 14:04:13,441' myLogger [INFO] src/online/CacheManager.cc periodicUpdateCaches 53 ---已上锁，准备合并缓存---
'2024-08-02 14:04:13,441' myLogger [INFO] src/online/CacheManager.cc periodicUpdateCaches 67 ---缓存合并完毕，已解锁---
'2024-08-02 14:04:13,441' myLogger [INFO] src/online/CacheManager.cc periodicUpdateCaches 77 ---已上锁，准备同步缓存---
'2024-08-02 14:04:13,441' myLogger [INFO] src/online/CacheManager.cc periodicUpdateCaches 82 ---缓存同步完毕，已解锁---
'2024-08-02 14:04:28,440' myLogger [INFO] src/online/CacheManager.cc periodicUpdateCaches 53 ---已上锁，准备合并缓存---
'2024-08-02 14:04:28,441' myLogger [INFO] src/online/CacheManager.cc periodicUpdateCaches 67 ---缓存合并完毕，已解锁---
'2024-08-02 14:04:28,441' myLogger [INFO] src/online/CacheManager.cc periodicUpdateCaches 77 ---已上锁，准备同步缓存---
'2024-08-02 14:04:28,441' myLogger [INFO] src/online/CacheManager.cc periodicUpdateCaches 82 ---缓存同步完毕，已解锁---
'2024-08-02 14:04:43,441' myLogger [INFO] src/online/CacheManager.cc periodicUpdateCaches 53 ---已上锁，准备合并缓存---
'2024-08-02 14:04:43,441' myLogger [INFO] src/online/CacheManager.cc periodicUpdateCaches 67 ---缓存合并完毕，已解锁---
'2024-08-02 14:04:43,441' myLogger [INFO] src/online/CacheManager.cc periodicUpdateCaches 77 ---已上锁，准备同步缓存---
'2024-08-02 14:04:43,441' myLogger [INFO] src/online/CacheManager.cc periodicUpdateCaches 82 ---缓存同步完毕，已解锁---
'2024-08-02 14:04:58,441' myLogger [INFO] src/online/CacheManager.cc periodicUpdateCaches 53 ---已上锁，准备合并缓存---
'2024-08-02 14:04:58,441' myLogger [INFO] src/online/CacheManager.cc periodicUpdateCaches 67 ---缓存合并完毕，已解锁---
'2024-08-02 14:04:58,441' myLogger [INFO] src/online/CacheManager.cc periodicUpdateCaches 77 ---已上锁，准备同步缓存---
'2024-08-02 14:04:58,441' myLogger [INFO] src/online/CacheManager.cc periodicUpdateCaches 82 ---缓存同步完毕，已解锁---
'2024-08-02 14:05:13,441' myLogger [INFO] src/online/CacheManager.cc periodicUpdateCaches 53 ---已上锁，准备合并缓存---
'2024-08-02 14:05:13,441' myLogger [INFO] src/online/CacheManager.cc periodicUpdateCaches 67 ---缓存合并完毕，已解锁---
'2024-08-02 14:05:13,441' myLogger [INFO] src/online/CacheManager.cc periodicUpdateCaches 77 ---已上锁，准备同步缓存---
'2024-08-02 14:05:13,441' myLogger [INFO] src/online/CacheManager.cc periodicUpdateCaches 82 ---缓存同步完毕，已解锁---
'2024-08-02 14:05:28,441' myLogger [INFO] src/online/CacheManager.cc periodicUpdateCaches 53 ---已上锁，准备合并缓存---
'2024-08-02 14:05:28,441' myLogger [INFO] src/online/CacheManager.cc periodicUpdateCaches 67 ---缓存合并完毕，已解锁---
'2024-08-02 14:05:28,441' myLogger [INFO] src/online/CacheManager.cc periodicUpdateCaches 77 ---已上锁，准备同步缓存---
'2024-08-02 14:05:28,441' myLogger [INFO] src/online/CacheManager.cc periodicUpdateCaches 82 ---缓存同步完毕，已解锁---
'2024-08-02 14:05:43,441' myLogger [INFO] src/online/CacheManager.cc periodicUpdateCaches 53 ---已上锁，准备合并缓存---
'2024-08-02 14:05:43,441' myLogger [INFO] src/online/CacheManager.cc periodicUpdateCaches 67 ---缓存合并完毕，已解锁---
'2024-08-02 14:05:43,441' myLogger [INFO] src/online/CacheManager.cc periodicUpdateCaches 77 ---已上锁，准备同步缓存---
'2024-08-02 14:05:43,441' myLogger [INFO] src/online/CacheManager.cc periodicUpdateCaches 82 ---缓存同步完毕，已解锁---
'2024-08-02 14:05:58,441' myLogger [INFO] src/online/CacheManager.cc periodicUpdateCaches 53 ---已上锁，准备合并缓存---
'2024-08-02 14:05:58,441' myLogger [INFO] src/online/CacheManager.cc periodicUpdateCaches 67 ---缓存合并完毕，已解锁---
'2024-08-02 14:05:58,441' myLogger [INFO] src/online/CacheManager.cc periodicUpdateCaches 77 ---已上锁，准备同步缓存---
'2024-08-02 14:05:58,441' myLogger [INFO] src/online/CacheManager.cc periodicUpdateCaches 82 ---缓存同步完毕，已解锁---
'2024-08-02 14:06:13,441' myLogger [INFO] src/online/CacheManager.cc periodicUpdateCaches 53 ---已上锁，准备合并缓存---
'2024-08-02 14:06:13,441' myLogger [INFO] src/online/CacheManager.cc periodicUpdateCaches 67 ---缓存合并完毕，已解锁---
'2024-08-02 14:06:13,441' myLogger [INFO] src/online/CacheManager.cc periodicUpdateCaches 77 ---已上锁，准备同步缓存---
'2024-08-02 14:06:13,441' myLogger [INFO] src/online/CacheManager.cc periodicUpdateCaches 82 ---缓存同步完毕，已解锁---
'2024-08-02 14:06:28,441' myLogger [INFO] src/online/CacheManager.cc periodicUpdateCaches 53 ---已上锁，准备合并缓存---
'2024-08-02 14:06:28,441' myLogger [INFO] src/online/CacheManager.cc periodicUpdateCaches 67 ---缓存合并完毕，已解锁---
'2024-08-02 14:06:28,441' myLogger [INFO] src/online/CacheManager.cc periodicUpdateCaches 77 ---已上锁，准备同步缓存---
'2024-08-02 14:06:28,441' myLogger [INFO] src/online/CacheManager.cc periodicUpdateCaches 82 ---缓存同步完毕，已解锁---
'2024-08-02 14:06:43,440' myLogger [INFO] src/online/CacheManager.cc periodicUpdateCaches 53 ---已上锁，准备合并缓存---
'2024-08-02 14:06:43,441' myLogger [INFO] src/online/CacheManager.cc periodicUpdateCaches 67 ---缓存合并完毕，已解锁---
'2024-08-02 14:06:43,441' myLogger [INFO] src/online/CacheManager.cc periodicUpdateCaches 77 ---已上锁，准备同步缓存---
'2024-08-02 14:06:43,441' myLogger [INFO] src/online/CacheManager.cc periodicUpdateCaches 82 ---缓存同步完毕，已解锁---
'2024-08-02 14:06:58,441' myLogger [INFO] src/online/CacheManager.cc periodicUpdateCaches 53 ---已上锁，准备合并缓存---
'2024-08-02 14:06:58,441' myLogger [INFO] src/online/CacheManager.cc periodicUpdateCaches 67 ---缓存合并完毕，已解锁---
'2024-08-02 14:06:58,441' myLogger [INFO] src/online/CacheManager.cc periodicUpdateCaches 77 ---已上锁，准备同步缓存---
'2024-08-02 14:06:58,441' myLogger [INFO] src/online/CacheManager.cc periodicUpdateCaches 82 ---缓存同步完毕，已解锁---
'2024-08-02 14:07:13,441' myLogger [INFO] src/online/CacheManager.cc periodicUpdateCaches 53 ---已上锁，准备合并缓存---
'2024-08-02 14:07:13,441' myLogger [INFO] src/online/CacheManager.cc periodicUpdateCaches 67 ---缓存合并完毕，已解锁---
'2024-08-02 14:07:13,441' myLogger [INFO] src/online/CacheManager.cc periodicUpdateCaches 77 ---已上锁，准备同步缓存---
'2024-08-02 14:07:13,441' myLogger [INFO] src/online/CacheManager.cc periodicUpdateCaches 82 ---缓存同步完毕，已解锁---
'2024-08-02 14:07:28,441' myLogger [INFO] src/online/CacheManager.cc periodicUpdateCaches 53 ---已上锁，准备合并缓存---
'2024-08-02 14:07:28,441' myLogger [INFO] src/online/CacheManager.cc periodicUpdateCaches 67 ---缓存合并完毕，已解锁---
'2024-08-02 14:07:28,441' myLogger [INFO] src/online/CacheManager.cc periodicUpdateCaches 77 ---已上锁，准备同步缓存---
'2024-08-02 14:07:28,441' myLogger [INFO] src/online/CacheManager.cc periodicUpdateCaches 82 ---缓存同步完毕，已解锁---
'2024-08-02 14:07:43,441' myLogger [INFO] src/online/CacheManager.cc periodicUpdateCaches 53 ---已上锁，准备合并缓存---
'2024-08-02 14:07:43,441' myLogger [INFO] src/online/CacheManager.cc periodicUpdateCaches 67 ---缓存合并完毕，已解锁---
'2024-08-02 14:07:43,441' myLogger [INFO] src/online/CacheManager.cc periodicUpdateCaches 77 ---已上锁，准备同步缓存---
'2024-08-02 14:07:43,441' myLogger [INFO] src/online/CacheManager.cc periodicUpdateCaches 82 ---缓存同步完毕，已解锁---
'2024-08-02 16:29:31,727' myLogger [INFO] src/online/TimerManager.cc start 37 timer起始时间: 15, 周期: 15
'2024-08-02 16:29:45,382' myLogger [INFO] src/online/KeyRecommander.cc TimerManagerCache 58 >>> 命中LRU Cache, 返回结果为:["wh","th","oh","ho","hm","hi","ha","eh","ch","ah"]
'2024-08-02 16:29:46,708' myLogger [INFO] src/online/KeyRecommander.cc TimerManagerCache 58 >>> 命中LRU Cache, 返回结果为:["the","se","pe","oe","ne","ke","je","hue","ho","hm"]
'2024-08-02 16:29:46,725' myLogger [INFO] src/online/CacheManager.cc periodicUpdateCaches 53 ---已上锁，准备合并缓存---
'2024-08-02 16:29:46,726' myLogger [INFO] src/online/CacheManager.cc periodicUpdateCaches 67 ---缓存合并完毕，已解锁---
'2024-08-02 16:29:46,726' myLogger [INFO] src/online/CacheManager.cc periodicUpdateCaches 77 ---已上锁，准备同步缓存---
'2024-08-02 16:29:46,726' myLogger [INFO] src/online/CacheManager.cc periodicUpdateCaches 82 ---缓存同步完毕，已解锁---
'2024-08-02 16:29:47,281' myLogger [INFO] src/online/KeyRecommander.cc TimerManagerCache 58 >>> 命中LRU Cache, 返回结果为:["hey","hew","hen","hem","help","helm","hell","held","heh","heel"]
'2024-08-02 16:29:47,425' myLogger [INFO] src/online/KeyRecommander.cc TimerManagerCache 58 >>> 命中LRU Cache, 返回结果为:["hell","yell","vell","tell","shell","sell","hull","hill","help","helm"]
'2024-08-02 16:29:47,667' myLogger [INFO] src/online/KeyRecommander.cc TimerManagerCache 58 >>> 命中LRU Cache, 返回结果为:["hello","hullo","hell","hallo","yells","yellow","yell","wells","vell","telly"]
'2024-08-02 16:30:01,725' myLogger [INFO] src/online/CacheManager.cc periodicUpdateCaches 53 ---已上锁，准备合并缓存---
'2024-08-02 16:30:01,726' myLogger [INFO] src/online/CacheManager.cc periodicUpdateCaches 67 ---缓存合并完毕，已解锁---
'2024-08-02 16:30:01,726' myLogger [INFO] src/online/CacheManager.cc periodicUpdateCaches 77 ---已上锁，准备同步缓存---
'2024-08-02 16:30:01,726' myLogger [INFO] src/online/CacheManager.cc periodicUpdateCaches 82 ---缓存同步完毕，已解锁---
'2024-08-02 16:30:08,498' myLogger [INFO] src/online/KeyRecommander.cc TimerManagerCache 63 >>> world 未命中 LRU Cache.
'2024-08-02 16:30:10,157' myLogger [INFO] src/online/KeyRecommander.cc doQuery 153 ["world","worlds","word","wound","worth","worry","worn","worms","worm","worldly"]
'2024-08-02 16:30:16,725' myLogger [INFO] src/online/CacheManager.cc periodicUpdateCaches 53 ---已上锁，准备合并缓存---
'2024-08-02 16:30:16,726' myLogger [INFO] src/online/CacheManager.cc periodicUpdateCaches 67 ---缓存合并完毕，已解锁---
'2024-08-02 16:30:16,726' myLogger [INFO] src/online/CacheManager.cc periodicUpdateCaches 77 ---已上锁，准备同步缓存---
'2024-08-02 16:30:16,726' myLogger [INFO] src/online/CacheManager.cc periodicUpdateCaches 82 ---缓存同步完毕，已解锁---
'2024-08-02 16:30:31,725' myLogger [INFO] src/online/CacheManager.cc periodicUpdateCaches 53 ---已上锁，准备合并缓存---
'2024-08-02 16:30:31,726' myLogger [INFO] src/online/CacheManager.cc periodicUpdateCaches 67 ---缓存合并完毕，已解锁---
'2024-08-02 16:30:31,726' myLogger [INFO] src/online/CacheManager.cc periodicUpdateCaches 77 ---已上锁，准备同步缓存---
'2024-08-02 16:30:31,726' myLogger [INFO] src/online/CacheManager.cc periodicUpdateCaches 82 ---缓存同步完毕，已解锁---
'2024-08-02 16:32:41,287' myLogger [INFO] src/online/TimerManager.cc start 37 timer起始时间: 15, 周期: 15
'2024-08-02 16:32:48,905' myLogger [INFO] src/online/DoubleCacheManager.cc initCache 36 >>> 从磁盘读取缓存数据.
'2024-08-02 16:32:48,905' myLogger [INFO] src/online/KeyRecommander.cc DoubleCache 86 >>> h 未命中 LRU Cache.
'2024-08-02 16:32:49,520' myLogger [INFO] src/online/KeyRecommander.cc doQuery 153 ["wh","th","oh","ho","hm","hi","ha","eh","ch","ah"]
'2024-08-02 16:32:49,938' myLogger [INFO] src/online/KeyRecommander.cc DoubleCache 80 >>> 命中LRU Cache, 返回结果为:["wh","th","oh","ho","hm","hi","ha","eh","ch","ah"]
'2024-08-02 16:32:50,344' myLogger [INFO] src/online/KeyRecommander.cc DoubleCache 86 >>> he 未命中 LRU Cache.
'2024-08-02 16:32:50,974' myLogger [INFO] src/online/KeyRecommander.cc doQuery 153 ["the","se","pe","oe","ne","ke","je","hue","ho","hm"]
'2024-08-02 16:32:51,004' myLogger [INFO] src/online/KeyRecommander.cc DoubleCache 86 >>> hel 未命中 LRU Cache.
'2024-08-02 16:32:52,012' myLogger [INFO] src/online/KeyRecommander.cc doQuery 153 ["hey","hew","hen","hem","help","helm","hell","held","heh","heel"]
'2024-08-02 16:32:52,044' myLogger [INFO] src/online/KeyRecommander.cc DoubleCache 86 >>> hell 未命中 LRU Cache.
'2024-08-02 16:32:53,291' myLogger [INFO] src/online/KeyRecommander.cc doQuery 153 ["hell","yell","vell","tell","shell","sell","hull","hill","help","helm"]
'2024-08-02 16:32:53,324' myLogger [INFO] src/online/KeyRecommander.cc DoubleCache 86 >>> hello 未命中 LRU Cache.
'2024-08-02 16:32:54,954' myLogger [INFO] src/online/KeyRecommander.cc doQuery 153 ["hello","hullo","hell","hallo","yells","yellow","yell","wells","vell","telly"]
'2024-08-02 16:32:56,286' myLogger [INFO] src/online/DoubleCacheManager.cc periodicUpdateCaches 68 >>> 已合并，将缓存写入磁盘文件.
'2024-08-02 16:33:05,017' myLogger [INFO] src/online/KeyRecommander.cc DoubleCache 86 >>> h 未命中 LRU Cache.
'2024-08-02 16:33:05,132' myLogger [INFO] src/online/KeyRecommander.cc doQuery 153 ["wh","th","oh","ho","hm","hi","ha","eh","ch","ah"]
'2024-08-02 16:33:06,240' myLogger [INFO] src/online/KeyRecommander.cc DoubleCache 86 >>> he 未命中 LRU Cache.
'2024-08-02 16:33:06,792' myLogger [INFO] src/online/KeyRecommander.cc doQuery 153 ["the","se","pe","oe","ne","ke","je","hue","ho","hm"]
'2024-08-02 16:33:06,819' myLogger [INFO] src/online/KeyRecommander.cc DoubleCache 86 >>> hel 未命中 LRU Cache.
'2024-08-02 16:33:07,620' myLogger [INFO] src/online/KeyRecommander.cc doQuery 153 ["hey","hew","hen","hem","help","helm","hell","held","heh","heel"]
'2024-08-02 16:33:07,646' myLogger [INFO] src/online/KeyRecommander.cc DoubleCache 86 >>> hell 未命中 LRU Cache.
'2024-08-02 16:33:08,635' myLogger [INFO] src/online/KeyRecommander.cc doQuery 153 ["hell","yell","vell","tell","shell","sell","hull","hill","help","helm"]
'2024-08-02 16:33:08,660' myLogger [INFO] src/online/KeyRecommander.cc DoubleCache 86 >>> hello 未命中 LRU Cache.
'2024-08-02 16:33:09,910' myLogger [INFO] src/online/KeyRecommander.cc doQuery 153 ["hello","hullo","hell","hallo","yells","yellow","yell","wells","vell","telly"]
'2024-08-02 16:33:11,286' myLogger [INFO] src/online/DoubleCacheManager.cc periodicUpdateCaches 68 >>> 已合并，将缓存写入磁盘文件.
'2024-08-02 16:33:14,919' myLogger [INFO] src/online/KeyRecommander.cc DoubleCache 80 >>> 命中LRU Cache, 返回结果为:["wh","th","oh","ho","hm","hi","ha","eh","ch","ah"]
'2024-08-02 16:33:16,548' myLogger [INFO] src/online/KeyRecommander.cc DoubleCache 80 >>> 命中LRU Cache, 返回结果为:["the","se","pe","oe","ne","ke","je","hue","ho","hm"]
'2024-08-02 16:33:17,598' myLogger [INFO] src/online/KeyRecommander.cc DoubleCache 80 >>> 命中LRU Cache, 返回结果为:["hey","hew","hen","hem","help","helm","hell","held","heh","heel"]
'2024-08-02 16:33:17,888' myLogger [INFO] src/online/KeyRecommander.cc DoubleCache 80 >>> 命中LRU Cache, 返回结果为:["hell","yell","vell","tell","shell","sell","hull","hill","help","helm"]
'2024-08-02 16:33:19,476' myLogger [INFO] src/online/KeyRecommander.cc DoubleCache 80 >>> 命中LRU Cache, 返回结果为:["hello","hullo","hell","hallo","yells","yellow","yell","wells","vell","telly"]
